<?xml version="1.0" encoding="UTF-8"?>
<robot generator="Robot 6.1.1 (Python 3.12.7 on win32)" generated="20250402 12:18:59.920" rpa="false" schemaversion="4">
<suite id="s1" name="Feature-Create-A-Product" source="C:\LL\LL-Test\tests\01-Products\feature-create-a-product.robot">
<test id="s1-t1" name="Test case 01 - Create a product" line="12">
<kw name="Start Session" library="base" type="SETUP">
<kw name="New Browser" library="Browser">
<arg>chromium</arg>
<arg>headless=${headless}</arg>
<tag>BrowserControl</tag>
<tag>Setter</tag>
<doc>Create a new playwright Browser with specified options.</doc>
<msg timestamp="20250402 12:19:01.098" level="INFO">{"browser": "chromium", "headless": false, "chromiumSandbox": false, "devtools": false, "handleSIGHUP": true, "handleSIGINT": true, "handleSIGTERM": true, "slowMo": 0.0, "timeout": 30000.0, "tracesDir": "C:\\LL\\LL-Test\\tests\\01-Products\\logs\\browser\\traces\\temp\\ed92a6cc-ffbb-473b-9856-dcdc153180fa"}</msg>
<msg timestamp="20250402 12:19:01.186" level="INFO">Starting Browser process C:\Users\56001601000173\AppData\Local\Programs\Python\Python312\Lib\site-packages\Browser\wrapper\index.js using port 50519</msg>
<msg timestamp="20250402 12:19:01.186" level="INFO">Node startup parameters: ['node', 'C:\\Users\\56001601000173\\AppData\\Local\\Programs\\Python\\Python312\\Lib\\site-packages\\Browser\\wrapper\\index.js', '50519']</msg>
<msg timestamp="20250402 12:19:03.020" level="INFO">Successfully created browser with options: {"browser":"chromium","headless":false,"chromiumSandbox":false,"devtools":false,"handleSIGHUP":true,"handleSIGINT":true,"handleSIGTERM":true,"slowMo":0,"timeout":30000,"tracesDir":"C:\\LL\\LL-Test\\tests\\01-Products\\logs\\browser\\traces\\temp\\ed92a6cc-ffbb-473b-9856-dcdc153180fa"}</msg>
<status status="PASS" starttime="20250402 12:19:01.097" endtime="20250402 12:19:03.020"/>
</kw>
<kw name="New Context" library="Browser">
<arg>viewport={'width': 1366, 'height': 768}</arg>
<tag>BrowserControl</tag>
<tag>Setter</tag>
<doc>Create a new BrowserContext with specified options.</doc>
<msg timestamp="20250402 12:19:03.023" level="INFO">{
  "acceptDownloads": true,
  "bypassCSP": false,
  "forcedColors": "none",
  "ignoreHTTPSErrors": false,
  "javaScriptEnabled": true,
  "offline": false,
  "reducedMotion": "no-preference",
  "serviceWorkers": "allow",
  "viewport": {
    "width": 1366,
    "height": 768
  }
}</msg>
<msg timestamp="20250402 12:19:03.052" level="INFO">Successfully created context. </msg>
<msg timestamp="20250402 12:19:03.052" level="INFO">{'acceptDownloads': True, 'bypassCSP': False, 'forcedColors': 'none', 'ignoreHTTPSErrors': False, 'javaScriptEnabled': True, 'offline': False, 'reducedMotion': 'no-preference', 'serviceWorkers': 'allow', 'viewport': {'width': 1366, 'height': 768}}</msg>
<status status="PASS" starttime="20250402 12:19:03.021" endtime="20250402 12:19:03.052"/>
</kw>
<kw name="New Page" library="Browser">
<arg>${url}</arg>
<tag>BrowserControl</tag>
<tag>Setter</tag>
<doc>Open a new Page.</doc>
<msg timestamp="20250402 12:19:06.840" level="INFO">Successfully initialized new page object and opened url: https://ruben-1.localline.ca/backoffice/products/availability</msg>
<status status="PASS" starttime="20250402 12:19:03.053" endtime="20250402 12:19:06.841"/>
</kw>
<kw name="Set Browser Timeout" library="Browser">
<arg>40 s</arg>
<tag>Config</tag>
<tag>Setter</tag>
<doc>Sets the timeout used by most input and getter keywords.</doc>
<msg timestamp="20250402 12:19:06.856" level="INFO">Set timeout to: 40000</msg>
<status status="PASS" starttime="20250402 12:19:06.841" endtime="20250402 12:19:06.856"/>
</kw>
<kw name="Press Keys" library="RPA.Desktop">
<arg>cmd</arg>
<arg>up</arg>
<doc>Press multiple keys down simultaneously.</doc>
<msg timestamp="20250402 12:19:06.859" level="INFO">Pressing keys: Key.cmd, Key.up</msg>
<status status="PASS" starttime="20250402 12:19:06.856" endtime="20250402 12:19:06.864"/>
</kw>
<kw name="Fill Text" library="Browser">
<arg>id="login--email"</arg>
<arg>test</arg>
<tag>PageContent</tag>
<tag>Setter</tag>
<doc>Clears and fills the given ``txt`` into the text field found by ``selector``.</doc>
<msg timestamp="20250402 12:19:06.866" level="INFO">Fills the text 'test' in the given field.</msg>
<msg timestamp="20250402 12:19:19.233" level="INFO">Keyword 'Take Screenshot  fail-screenshot-{index}' could not be run on failure:
Error: Tried to take screenshot, but no page was open.</msg>
<msg timestamp="20250402 12:19:19.234" level="INFO">See also file:///C:/LL/LL-Test/tests/01-Products/logs/playwright-log.txt for additional details.</msg>
<msg timestamp="20250402 12:19:19.234" level="FAIL">Execution terminated by signal</msg>
<status status="FAIL" starttime="20250402 12:19:06.864" endtime="20250402 12:19:19.251"/>
</kw>
<kw name="Fill Text" library="Browser">
<arg>id="login--password"</arg>
<arg>1234</arg>
<tag>PageContent</tag>
<tag>Setter</tag>
<doc>Clears and fills the given ``txt`` into the text field found by ``selector``.</doc>
<status status="NOT RUN" starttime="20250402 12:19:19.251" endtime="20250402 12:19:19.251"/>
</kw>
<kw name="Sleep" library="BuiltIn">
<arg>1</arg>
<doc>Pauses the test executed for the given time.</doc>
<errors>
<msg timestamp="20250402 12:19:19.254" level="ERROR">Execution stopped by user.</msg>
</errors>
</robot>
