<?xml version="1.0" encoding="UTF-8"?>
<robot generator="Robot 7.1 (Python 3.12.7 on win32)" generated="2025-03-31T23:07:19.724441" rpa="false" schemaversion="5">
<suite id="s1" name="Feature-Create-A-Product" source="C:\POC-Robot\tests\01-Products\feature-create-a-product.robot">
<test id="s1-t1" name="Test case 01 - Create a product" line="8">
<kw name="Given the user accesses the product creation page" owner="Create-a-product">
<kw name="Sleep" owner="BuiltIn">
<msg time="2025-03-31T23:07:22.286704" level="INFO">Slept 2 seconds.</msg>
<arg>2</arg>
<doc>Pauses the test executed for the given time.</doc>
<status status="PASS" start="2025-03-31T23:07:20.285833" elapsed="2.000871"/>
</kw>
<kw name="New Page" owner="Browser">
<msg time="2025-03-31T23:07:22.289804" level="FAIL">ValueError: Argument 'wait_until' got value 'headless=false' that cannot be converted to PageLoadStates: PageLoadStates does not have member 'headless=false'. Available: 'commit', 'domcontentloaded', 'load' and 'networkidle'</msg>
<arg>${url}</arg>
<arg>headless=false</arg>
<tag>BrowserControl</tag>
<tag>Setter</tag>
<doc>Open a new Page.</doc>
<status status="FAIL" start="2025-03-31T23:07:22.287804" elapsed="0.004228">ValueError: Argument 'wait_until' got value 'headless=false' that cannot be converted to PageLoadStates: PageLoadStates does not have member 'headless=false'. Available: 'commit', 'domcontentloaded', 'load' and 'networkidle'</status>
</kw>
<status status="FAIL" start="2025-03-31T23:07:20.283833" elapsed="2.008199">ValueError: Argument 'wait_until' got value 'headless=false' that cannot be converted to PageLoadStates: PageLoadStates does not have member 'headless=false'. Available: 'commit', 'domcontentloaded', 'load' and 'networkidle'</status>
</kw>
<tag>smoke</tag>
<status status="FAIL" start="2025-03-31T23:07:20.281833" elapsed="2.010973">ValueError: Argument 'wait_until' got value 'headless=false' that cannot be converted to PageLoadStates: PageLoadStates does not have member 'headless=false'. Available: 'commit', 'domcontentloaded', 'load' and 'networkidle'</status>
</test>
<doc>Creating a product in the system</doc>
<status status="FAIL" start="2025-03-31T23:07:19.728442" elapsed="3.899906"/>
</suite>
<statistics>
<total>
<stat pass="0" fail="1" skip="0">All Tests</stat>
</total>
<tag>
<stat pass="0" fail="1" skip="0">smoke</stat>
</tag>
<suite>
<stat pass="0" fail="1" skip="0" id="s1" name="Feature-Create-A-Product">Feature-Create-A-Product</stat>
</suite>
</statistics>
<errors>
</errors>
</robot>
